[0213/134956.356:WARNING:chrome_main_delegate.cc(569)] final extension: .js
[0213/135120.888:WARNING:chrome_main_delegate.cc(569)] final extension: .js
[0213/135231.943:WARNING:chrome_main_delegate.cc(569)] final extension: .js
[0213/141811.690:ERROR:process_info.cc(349)] VirtualQueryEx: Accès refusé. (0x5)
[0213/141811.691:ERROR:process_info.cc(570)] ReadMemoryInfo failed
[0213/141811.693:ERROR:process_reader_win.cc(151)] SuspendThread: Accès refusé. (0x5)
[0213/141811.693:ERROR:exception_snapshot_win.cc(87)] thread ID 14608 not found in process
[0213/141811.693:WARNING:crash_report_exception_handler.cc(62)] ProcessSnapshotWin::Initialize failed
[0213/141811.693:ERROR:scoped_process_suspend.cc(39)] NtResumeProcess: Tentative d’accès à un processus en cours d’arrêt.  (0xc000010a)
[0213/142200.561:ERROR:process_info.cc(349)] VirtualQueryEx: Accès refusé. (0x5)
[0213/142200.562:ERROR:process_info.cc(570)] ReadMemoryInfo failed
[0213/142200.562:ERROR:process_reader_win.cc(242)] ReadMemory at 0x799697c of 12 bytes failed: Seule une partie d’une requête ReadProcessMemory ou WriteProcessMemory a été effectuée. (0x12B)
[0213/142200.571:WARNING:process_snapshot_win.cc(71)] ReadMemory ExceptionInformation failed
[0213/142200.571:WARNING:crash_report_exception_handler.cc(62)] ProcessSnapshotWin::Initialize failed
[0213/142200.571:ERROR:scoped_process_suspend.cc(39)] NtResumeProcess: Tentative d’accès à un processus en cours d’arrêt.  (0xc000010a)
[0213/142225.047:ERROR:process_info.cc(349)] VirtualQueryEx: Accès refusé. (0x5)
[0213/142225.047:ERROR:process_info.cc(570)] ReadMemoryInfo failed
[0213/142225.050:ERROR:process_reader_win.cc(151)] SuspendThread: Accès refusé. (0x5)
[0213/142225.050:ERROR:exception_snapshot_win.cc(87)] thread ID 12864 not found in process
[0213/142225.050:WARNING:crash_report_exception_handler.cc(62)] ProcessSnapshotWin::Initialize failed
[0213/142225.050:ERROR:scoped_process_suspend.cc(39)] NtResumeProcess: Tentative d’accès à un processus en cours d’arrêt.  (0xc000010a)
[0213/142228.845:ERROR:process_info.cc(349)] VirtualQueryEx: Accès refusé. (0x5)
[0213/142228.845:ERROR:process_info.cc(570)] ReadMemoryInfo failed
[0213/142228.845:ERROR:process_reader_win.cc(242)] ReadMemory at 0xd5697c of 12 bytes failed: Seule une partie d’une requête ReadProcessMemory ou WriteProcessMemory a été effectuée. (0x12B)
[0213/142228.846:WARNING:process_snapshot_win.cc(71)] ReadMemory ExceptionInformation failed
[0213/142228.846:WARNING:crash_report_exception_handler.cc(62)] ProcessSnapshotWin::Initialize failed
[0213/142228.846:ERROR:scoped_process_suspend.cc(39)] NtResumeProcess: Tentative d’accès à un processus en cours d’arrêt.  (0xc000010a)
[0213/142231.866:ERROR:process_info.cc(349)] VirtualQueryEx: Accès refusé. (0x5)
[0213/142231.866:ERROR:process_info.cc(570)] ReadMemoryInfo failed
[0213/142231.869:ERROR:process_reader_win.cc(151)] SuspendThread: Accès refusé. (0x5)
[0213/142231.869:ERROR:exception_snapshot_win.cc(87)] thread ID 2084 not found in process
[0213/142231.869:WARNING:crash_report_exception_handler.cc(62)] ProcessSnapshotWin::Initialize failed
[0213/142231.869:ERROR:scoped_process_suspend.cc(39)] NtResumeProcess: Tentative d’accès à un processus en cours d’arrêt.  (0xc000010a)
[1127/015522.005:WARNING:chrome_main_delegate.cc(569)] final extension: .js
[1127/015821.614:WARNING:chrome_main_delegate.cc(569)] final extension: .js
[1127/020353.540:WARNING:chrome_main_delegate.cc(569)] final extension: .js
[1127/020737.923:WARNING:chrome_main_delegate.cc(569)] final extension: .js
[1127/021042.757:WARNING:chrome_main_delegate.cc(569)] final extension: .js
[1127/021729.134:WARNING:chrome_main_delegate.cc(569)] final extension: .js
[1127/022048.039:WARNING:chrome_main_delegate.cc(569)] final extension: .js
[1127/022834.837:WARNING:chrome_main_delegate.cc(569)] final extension: .js
[1127/025509.360:WARNING:chrome_main_delegate.cc(569)] final extension: .js
[1127/025810.080:WARNING:chrome_main_delegate.cc(569)] final extension: .js
[1127/030303.901:WARNING:chrome_main_delegate.cc(569)] final extension: .js
[1127/030645.915:WARNING:chrome_main_delegate.cc(569)] final extension: .js
[1127/030907.910:WARNING:chrome_main_delegate.cc(569)] final extension: .js
[1127/032136.512:WARNING:chrome_main_delegate.cc(569)] final extension: .js
[1127/032824.900:WARNING:chrome_main_delegate.cc(569)] final extension: .js
[1127/034755.737:WARNING:chrome_main_delegate.cc(569)] final extension: .js
[1127/035131.092:WARNING:chrome_main_delegate.cc(569)] final extension: .js
[1127/035522.845:WARNING:chrome_main_delegate.cc(569)] final extension: .js
[1127/041728.635:WARNING:chrome_main_delegate.cc(569)] final extension: .js
[1127/052614.647:WARNING:chrome_main_delegate.cc(569)] final extension: .js
[1127/053207.950:WARNING:chrome_main_delegate.cc(569)] final extension: .js
[1127/053511.477:WARNING:chrome_main_delegate.cc(569)] final extension: .js
[1127/054038.019:WARNING:chrome_main_delegate.cc(569)] final extension: .js
[1127/054354.278:WARNING:chrome_main_delegate.cc(569)] final extension: .js
[1127/055018.771:WARNING:chrome_main_delegate.cc(569)] final extension: .js
[1127/055338.394:WARNING:chrome_main_delegate.cc(569)] final extension: .js
[1127/061545.543:WARNING:chrome_main_delegate.cc(569)] final extension: .js
[1127/061643.579:WARNING:chrome_main_delegate.cc(569)] final extension: .js
[1127/061745.668:WARNING:chrome_main_delegate.cc(569)] final extension: .js
[1127/061858.877:WARNING:chrome_main_delegate.cc(569)] final extension: .js
[1127/062342.922:WARNING:chrome_main_delegate.cc(569)] final extension: .js
[1127/062512.226:WARNING:chrome_main_delegate.cc(569)] final extension: .js
[1127/062600.950:WARNING:chrome_main_delegate.cc(569)] final extension: .js
[1127/063541.443:WARNING:chrome_main_delegate.cc(569)] final extension: .js
[1127/063656.487:WARNING:chrome_main_delegate.cc(569)] final extension: .js
[1127/063724.631:WARNING:chrome_main_delegate.cc(569)] final extension: .js
[1127/063835.525:WARNING:chrome_main_delegate.cc(569)] final extension: .js
[1127/063934.502:WARNING:chrome_main_delegate.cc(569)] final extension: .js
[1127/064111.311:WARNING:chrome_main_delegate.cc(569)] final extension: .js
[1127/064157.880:WARNING:chrome_main_delegate.cc(569)] final extension: .js
[1127/064208.793:WARNING:chrome_main_delegate.cc(569)] final extension: .js
[1127/065219.804:WARNING:chrome_main_delegate.cc(569)] final extension: .js
[1127/065252.797:WARNING:chrome_main_delegate.cc(569)] final extension: .js
[1127/065529.649:WARNING:chrome_main_delegate.cc(569)] final extension: .js
[1127/065758.277:WARNING:chrome_main_delegate.cc(569)] final extension: .js
[1127/065832.787:WARNING:chrome_main_delegate.cc(569)] final extension: .js
[1127/065847.504:WARNING:chrome_main_delegate.cc(569)] final extension: .js
[1127/071715.711:WARNING:chrome_main_delegate.cc(569)] final extension: .js
[1127/071747.353:WARNING:chrome_main_delegate.cc(569)] final extension: .js
[1127/071914.950:WARNING:chrome_main_delegate.cc(569)] final extension: .js
[1127/072409.398:WARNING:chrome_main_delegate.cc(569)] final extension: .js
[1127/075320.326:WARNING:chrome_main_delegate.cc(569)] final extension: .js
[1127/093405.354:WARNING:chrome_main_delegate.cc(569)] final extension: .js
[1127/093417.097:WARNING:chrome_main_delegate.cc(569)] final extension: .js
[1127/093810.437:WARNING:chrome_main_delegate.cc(569)] final extension: .js
[1127/095554.708:WARNING:chrome_main_delegate.cc(569)] final extension: .js
[1127/100020.054:WARNING:chrome_main_delegate.cc(569)] final extension: .js
[1127/100114.729:WARNING:chrome_main_delegate.cc(569)] final extension: .js
[1127/104539.995:WARNING:chrome_main_delegate.cc(569)] final extension: .js
[1127/114216.891:WARNING:chrome_main_delegate.cc(569)] final extension: .js
[1127/114252.303:WARNING:chrome_main_delegate.cc(569)] final extension: .js
[1127/114352.776:WARNING:chrome_main_delegate.cc(569)] final extension: .js
[1127/114458.445:WARNING:chrome_main_delegate.cc(569)] final extension: .js
[1127/114858.132:WARNING:chrome_main_delegate.cc(569)] final extension: .js
[1127/115009.545:WARNING:chrome_main_delegate.cc(569)] final extension: .js
[1127/115808.095:WARNING:chrome_main_delegate.cc(569)] final extension: .js
